<?xml version="1.0" encoding="utf-8"?><testsuites><testsuite name="pytest" errors="0" failures="0" skipped="0" tests="8" time="5.946" timestamp="2021-05-11T20:03:58.759694" hostname="sydneys-mbp.lan"><testcase classname="tests.test_demo_dashboard" name="test_st_client" time="0.167" /><testcase classname="tests.test_demo_dashboard" name="test_load_person_from_first_and_last_name" time="0.015" /><testcase classname="tests.test_demo_dashboard" name="test_mock_personal_query_for_pfr" time="0.013" /><testcase classname="tests.test_demo_dashboard" name="test_live_query_for_pfr" time="1.363" /><testcase classname="tests.test_demo_dashboard" name="test_mock_personal_query_for_life_events" time="0.008" /><testcase classname="tests.test_demo_dashboard" name="test_live_query_for_life_events" time="0.391" /><testcase classname="tests.test_demo_dashboard" name="test_mock_personal_query_for_auto_prefill" time="0.013" /><testcase classname="tests.test_demo_dashboard" name="test_live_query_for_auto_prefill" time="0.313" /></testsuite></testsuites>